{"/home/medcode/questionerV2/server.js":{"path":"/home/medcode/questionerV2/server.js","s":{"1":1,"2":1,"3":1,"4":1,"5":1,"6":1,"7":1,"8":0,"9":1,"10":1,"11":1,"12":0,"13":0,"14":1},"b":{"1":[1,1],"2":[0,1]},"f":{"1":0,"2":0},"fnMap":{"1":{"name":"(anonymous_1)","line":28,"loc":{"start":{"line":28,"column":13},"end":{"line":28,"column":32}}},"2":{"name":"(anonymous_2)","line":41,"loc":{"start":{"line":41,"column":21},"end":{"line":41,"column":32}}}},"statementMap":{"1":{"start":{"line":2,"column":0},"end":{"line":2,"column":35}},"2":{"start":{"line":3,"column":0},"end":{"line":3,"column":42}},"3":{"start":{"line":4,"column":0},"end":{"line":4,"column":39}},"4":{"start":{"line":7,"column":0},"end":{"line":19,"column":2}},"5":{"start":{"line":23,"column":0},"end":{"line":23,"column":38}},"6":{"start":{"line":26,"column":0},"end":{"line":26,"column":22}},"7":{"start":{"line":28,"column":0},"end":{"line":30,"column":3}},"8":{"start":{"line":29,"column":4},"end":{"line":29,"column":24}},"9":{"start":{"line":36,"column":0},"end":{"line":36,"column":27}},"10":{"start":{"line":37,"column":0},"end":{"line":37,"column":32}},"11":{"start":{"line":40,"column":0},"end":{"line":44,"column":1}},"12":{"start":{"line":41,"column":4},"end":{"line":43,"column":6}},"13":{"start":{"line":42,"column":8},"end":{"line":42,"column":54}},"14":{"start":{"line":47,"column":0},"end":{"line":47,"column":21}}},"branchMap":{"1":{"line":23,"type":"binary-expr","locations":[{"start":{"line":23,"column":13},"end":{"line":23,"column":29}},{"start":{"line":23,"column":33},"end":{"line":23,"column":37}}]},"2":{"line":40,"type":"if","locations":[{"start":{"line":40,"column":0},"end":{"line":40,"column":0}},{"start":{"line":40,"column":0},"end":{"line":40,"column":0}}]}}},"/home/medcode/questionerV2/app/routers/v1.js":{"path":"/home/medcode/questionerV2/app/routers/v1.js","s":{"1":1,"2":1,"3":1,"4":1,"5":1,"6":1,"7":1,"8":1,"9":1,"10":1,"11":1,"12":1,"13":1,"14":1,"15":1,"16":1},"b":{},"f":{"1":1},"fnMap":{"1":{"name":"(anonymous_1)","line":4,"loc":{"start":{"line":4,"column":17},"end":{"line":4,"column":35}}}},"statementMap":{"1":{"start":{"line":1,"column":0},"end":{"line":1,"column":55}},"2":{"start":{"line":2,"column":0},"end":{"line":2,"column":50}},"3":{"start":{"line":4,"column":0},"end":{"line":23,"column":1}},"4":{"start":{"line":5,"column":4},"end":{"line":5,"column":32}},"5":{"start":{"line":8,"column":4},"end":{"line":8,"column":62}},"6":{"start":{"line":9,"column":4},"end":{"line":9,"column":74}},"7":{"start":{"line":10,"column":4},"end":{"line":10,"column":71}},"8":{"start":{"line":11,"column":4},"end":{"line":11,"column":78}},"9":{"start":{"line":12,"column":4},"end":{"line":12,"column":90}},"10":{"start":{"line":13,"column":4},"end":{"line":13,"column":108}},"11":{"start":{"line":16,"column":4},"end":{"line":16,"column":66}},"12":{"start":{"line":17,"column":4},"end":{"line":17,"column":77}},"13":{"start":{"line":18,"column":4},"end":{"line":18,"column":96}},"14":{"start":{"line":19,"column":4},"end":{"line":19,"column":88}},"15":{"start":{"line":20,"column":4},"end":{"line":20,"column":92}},"16":{"start":{"line":22,"column":4},"end":{"line":22,"column":13}}},"branchMap":{}},"/home/medcode/questionerV2/app/controllers/api/v1/index.js":{"path":"/home/medcode/questionerV2/app/controllers/api/v1/index.js","s":{"1":1,"2":1,"3":1,"4":1},"b":{},"f":{},"fnMap":{},"statementMap":{"1":{"start":{"line":1,"column":0},"end":{"line":1,"column":61}},"2":{"start":{"line":2,"column":0},"end":{"line":2,"column":53}},"3":{"start":{"line":3,"column":0},"end":{"line":3,"column":57}},"4":{"start":{"line":5,"column":0},"end":{"line":9,"column":1}}},"branchMap":{}},"/home/medcode/questionerV2/app/controllers/api/v1/questionsController.js":{"path":"/home/medcode/questionerV2/app/controllers/api/v1/questionsController.js","s":{"1":1,"2":1,"3":1,"4":0,"5":1,"6":1,"7":0,"8":0,"9":1,"10":1,"11":1,"12":1,"13":0,"14":0,"15":0,"16":0,"17":0,"18":2,"19":2,"20":1,"21":1,"22":1,"23":1,"24":2,"25":2,"26":1,"27":1,"28":1,"29":1},"b":{"1":[0,1],"2":[0,0],"3":[1,1],"4":[1,1]},"f":{"1":0,"2":1,"3":0,"4":2,"5":2},"fnMap":{"1":{"name":"(anonymous_1)","line":5,"loc":{"start":{"line":5,"column":11},"end":{"line":5,"column":30}}},"2":{"name":"(anonymous_2)","line":9,"loc":{"start":{"line":9,"column":12},"end":{"line":9,"column":31}}},"3":{"name":"(anonymous_3)","line":28,"loc":{"start":{"line":28,"column":10},"end":{"line":28,"column":29}}},"4":{"name":"(anonymous_4)","line":44,"loc":{"start":{"line":44,"column":12},"end":{"line":44,"column":31}}},"5":{"name":"(anonymous_5)","line":61,"loc":{"start":{"line":61,"column":14},"end":{"line":61,"column":33}}}},"statementMap":{"1":{"start":{"line":1,"column":0},"end":{"line":1,"column":63}},"2":{"start":{"line":2,"column":0},"end":{"line":2,"column":64}},"3":{"start":{"line":4,"column":0},"end":{"line":77,"column":1}},"4":{"start":{"line":6,"column":8},"end":{"line":6,"column":27}},"5":{"start":{"line":10,"column":8},"end":{"line":10,"column":44}},"6":{"start":{"line":11,"column":8},"end":{"line":17,"column":9}},"7":{"start":{"line":12,"column":12},"end":{"line":15,"column":15}},"8":{"start":{"line":16,"column":12},"end":{"line":16,"column":18}},"9":{"start":{"line":19,"column":8},"end":{"line":19,"column":32}},"10":{"start":{"line":20,"column":8},"end":{"line":20,"column":43}},"11":{"start":{"line":21,"column":8},"end":{"line":21,"column":33}},"12":{"start":{"line":22,"column":8},"end":{"line":25,"column":10}},"13":{"start":{"line":29,"column":8},"end":{"line":29,"column":60}},"14":{"start":{"line":30,"column":8},"end":{"line":36,"column":9}},"15":{"start":{"line":31,"column":12},"end":{"line":34,"column":14}},"16":{"start":{"line":35,"column":12},"end":{"line":35,"column":18}},"17":{"start":{"line":38,"column":8},"end":{"line":41,"column":10}},"18":{"start":{"line":45,"column":8},"end":{"line":45,"column":60}},"19":{"start":{"line":46,"column":8},"end":{"line":52,"column":9}},"20":{"start":{"line":47,"column":12},"end":{"line":50,"column":14}},"21":{"start":{"line":51,"column":12},"end":{"line":51,"column":18}},"22":{"start":{"line":54,"column":8},"end":{"line":54,"column":30}},"23":{"start":{"line":55,"column":8},"end":{"line":58,"column":10}},"24":{"start":{"line":62,"column":8},"end":{"line":62,"column":60}},"25":{"start":{"line":63,"column":8},"end":{"line":69,"column":9}},"26":{"start":{"line":64,"column":12},"end":{"line":67,"column":14}},"27":{"start":{"line":68,"column":12},"end":{"line":68,"column":18}},"28":{"start":{"line":71,"column":8},"end":{"line":71,"column":32}},"29":{"start":{"line":72,"column":8},"end":{"line":75,"column":10}}},"branchMap":{"1":{"line":11,"type":"if","locations":[{"start":{"line":11,"column":8},"end":{"line":11,"column":8}},{"start":{"line":11,"column":8},"end":{"line":11,"column":8}}]},"2":{"line":30,"type":"if","locations":[{"start":{"line":30,"column":8},"end":{"line":30,"column":8}},{"start":{"line":30,"column":8},"end":{"line":30,"column":8}}]},"3":{"line":46,"type":"if","locations":[{"start":{"line":46,"column":8},"end":{"line":46,"column":8}},{"start":{"line":46,"column":8},"end":{"line":46,"column":8}}]},"4":{"line":63,"type":"if","locations":[{"start":{"line":63,"column":8},"end":{"line":63,"column":8}},{"start":{"line":63,"column":8},"end":{"line":63,"column":8}}]}}},"/home/medcode/questionerV2/app/dataStore/questionsTable.js":{"path":"/home/medcode/questionerV2/app/dataStore/questionsTable.js","s":{"1":1,"2":1},"b":{},"f":{},"fnMap":{},"statementMap":{"1":{"start":{"line":1,"column":0},"end":{"line":1,"column":31}},"2":{"start":{"line":2,"column":0},"end":{"line":20,"column":2}}},"branchMap":{}},"/home/medcode/questionerV2/app/controllers/api/v1/usersController.js":{"path":"/home/medcode/questionerV2/app/controllers/api/v1/usersController.js","s":{},"b":{},"f":{},"fnMap":{},"statementMap":{},"branchMap":{}},"/home/medcode/questionerV2/app/controllers/api/v1/meetupsController.js":{"path":"/home/medcode/questionerV2/app/controllers/api/v1/meetupsController.js","s":{"1":1,"2":1,"3":1,"4":1,"5":1,"6":1,"7":3,"8":1,"9":1,"10":1,"11":0,"12":0,"13":1,"14":1,"15":1,"16":1,"17":2,"18":2,"19":1,"20":1,"21":1,"22":1,"23":0,"24":0,"25":1,"26":8,"27":1,"28":1,"29":1,"30":0,"31":0,"32":1,"33":1,"34":1,"35":1,"36":1},"b":{"1":[0,1],"2":[1,1],"3":[0,1],"4":[0,1]},"f":{"1":1,"2":1,"3":3,"4":1,"5":2,"6":1,"7":8,"8":1},"fnMap":{"1":{"name":"(anonymous_1)","line":8,"loc":{"start":{"line":8,"column":11},"end":{"line":8,"column":30}}},"2":{"name":"(anonymous_2)","line":15,"loc":{"start":{"line":15,"column":14},"end":{"line":15,"column":33}}},"3":{"name":"(anonymous_3)","line":16,"loc":{"start":{"line":16,"column":45},"end":{"line":16,"column":62}}},"4":{"name":"(anonymous_4)","line":26,"loc":{"start":{"line":26,"column":12},"end":{"line":26,"column":31}}},"5":{"name":"(anonymous_5)","line":46,"loc":{"start":{"line":46,"column":10},"end":{"line":46,"column":29}}},"6":{"name":"(anonymous_6)","line":62,"loc":{"start":{"line":62,"column":11},"end":{"line":62,"column":30}}},"7":{"name":"(anonymous_7)","line":71,"loc":{"start":{"line":71,"column":33},"end":{"line":71,"column":48}}},"8":{"name":"(anonymous_8)","line":81,"loc":{"start":{"line":81,"column":16},"end":{"line":81,"column":35}}}},"statementMap":{"1":{"start":{"line":2,"column":0},"end":{"line":2,"column":59}},"2":{"start":{"line":3,"column":0},"end":{"line":3,"column":71}},"3":{"start":{"line":4,"column":0},"end":{"line":4,"column":64}},"4":{"start":{"line":7,"column":0},"end":{"line":101,"column":1}},"5":{"start":{"line":9,"column":8},"end":{"line":12,"column":11}},"6":{"start":{"line":16,"column":8},"end":{"line":18,"column":11}},"7":{"start":{"line":17,"column":12},"end":{"line":17,"column":39}},"8":{"start":{"line":20,"column":8},"end":{"line":23,"column":10}},"9":{"start":{"line":27,"column":8},"end":{"line":27,"column":44}},"10":{"start":{"line":28,"column":8},"end":{"line":34,"column":9}},"11":{"start":{"line":29,"column":12},"end":{"line":32,"column":15}},"12":{"start":{"line":33,"column":12},"end":{"line":33,"column":18}},"13":{"start":{"line":36,"column":8},"end":{"line":36,"column":26}},"14":{"start":{"line":37,"column":8},"end":{"line":37,"column":39}},"15":{"start":{"line":38,"column":8},"end":{"line":38,"column":29}},"16":{"start":{"line":39,"column":8},"end":{"line":42,"column":10}},"17":{"start":{"line":47,"column":8},"end":{"line":47,"column":53}},"18":{"start":{"line":48,"column":8},"end":{"line":54,"column":9}},"19":{"start":{"line":49,"column":12},"end":{"line":52,"column":14}},"20":{"start":{"line":53,"column":12},"end":{"line":53,"column":18}},"21":{"start":{"line":56,"column":8},"end":{"line":59,"column":10}},"22":{"start":{"line":63,"column":8},"end":{"line":69,"column":9}},"23":{"start":{"line":64,"column":12},"end":{"line":67,"column":15}},"24":{"start":{"line":68,"column":12},"end":{"line":68,"column":18}},"25":{"start":{"line":71,"column":8},"end":{"line":73,"column":11}},"26":{"start":{"line":72,"column":12},"end":{"line":72,"column":55}},"27":{"start":{"line":74,"column":8},"end":{"line":77,"column":10}},"28":{"start":{"line":82,"column":8},"end":{"line":82,"column":44}},"29":{"start":{"line":83,"column":8},"end":{"line":89,"column":9}},"30":{"start":{"line":84,"column":12},"end":{"line":87,"column":15}},"31":{"start":{"line":88,"column":12},"end":{"line":88,"column":18}},"32":{"start":{"line":91,"column":8},"end":{"line":91,"column":28}},"33":{"start":{"line":92,"column":8},"end":{"line":92,"column":35}},"34":{"start":{"line":93,"column":8},"end":{"line":93,"column":44}},"35":{"start":{"line":94,"column":8},"end":{"line":94,"column":25}},"36":{"start":{"line":95,"column":8},"end":{"line":98,"column":10}}},"branchMap":{"1":{"line":28,"type":"if","locations":[{"start":{"line":28,"column":8},"end":{"line":28,"column":8}},{"start":{"line":28,"column":8},"end":{"line":28,"column":8}}]},"2":{"line":48,"type":"if","locations":[{"start":{"line":48,"column":8},"end":{"line":48,"column":8}},{"start":{"line":48,"column":8},"end":{"line":48,"column":8}}]},"3":{"line":63,"type":"if","locations":[{"start":{"line":63,"column":8},"end":{"line":63,"column":8}},{"start":{"line":63,"column":8},"end":{"line":63,"column":8}}]},"4":{"line":83,"type":"if","locations":[{"start":{"line":83,"column":8},"end":{"line":83,"column":8}},{"start":{"line":83,"column":8},"end":{"line":83,"column":8}}]}}},"/home/medcode/questionerV2/app/dataStore/meetupsTable.js":{"path":"/home/medcode/questionerV2/app/dataStore/meetupsTable.js","s":{"1":1,"2":1},"b":{},"f":{},"fnMap":{},"statementMap":{"1":{"start":{"line":1,"column":0},"end":{"line":1,"column":31}},"2":{"start":{"line":2,"column":0},"end":{"line":26,"column":3}}},"branchMap":{}},"/home/medcode/questionerV2/app/dataStore/rsvpsTable(meetups-tables).js":{"path":"/home/medcode/questionerV2/app/dataStore/rsvpsTable(meetups-tables).js","s":{"1":1,"2":1},"b":{},"f":{},"fnMap":{},"statementMap":{"1":{"start":{"line":1,"column":0},"end":{"line":1,"column":31}},"2":{"start":{"line":3,"column":0},"end":{"line":51,"column":1}}},"branchMap":{}},"/home/medcode/questionerV2/app/helpers/validator.js":{"path":"/home/medcode/questionerV2/app/helpers/validator.js","s":{"1":1,"2":1},"b":{},"f":{},"fnMap":{},"statementMap":{"1":{"start":{"line":1,"column":0},"end":{"line":1,"column":53}},"2":{"start":{"line":3,"column":0},"end":{"line":55,"column":1}}},"branchMap":{}}}