TN:
SF:/home/medcode/questionerV2/server.js
FN:28,(anonymous_1)
FN:41,(anonymous_2)
FNF:2
FNH:0
FNDA:0,(anonymous_1)
FNDA:0,(anonymous_2)
DA:2,1
DA:3,1
DA:4,1
DA:7,1
DA:23,1
DA:26,1
DA:28,1
DA:29,0
DA:36,1
DA:37,1
DA:40,1
DA:41,0
DA:42,0
DA:47,1
LF:14
LH:11
BRDA:23,1,0,1
BRDA:23,1,1,1
BRDA:40,2,0,0
BRDA:40,2,1,1
BRF:4
BRH:3
end_of_record
TN:
SF:/home/medcode/questionerV2/app/routers/v1.js
FN:4,(anonymous_1)
FNF:1
FNH:1
FNDA:1,(anonymous_1)
DA:1,1
DA:2,1
DA:4,1
DA:5,1
DA:8,1
DA:9,1
DA:10,1
DA:11,1
DA:12,1
DA:13,1
DA:16,1
DA:17,1
DA:18,1
DA:19,1
DA:20,1
DA:22,1
LF:16
LH:16
BRF:0
BRH:0
end_of_record
TN:
SF:/home/medcode/questionerV2/app/controllers/api/v1/index.js
FNF:0
FNH:0
DA:1,1
DA:2,1
DA:3,1
DA:5,1
LF:4
LH:4
BRF:0
BRH:0
end_of_record
TN:
SF:/home/medcode/questionerV2/app/controllers/api/v1/questionsController.js
FN:5,(anonymous_1)
FN:9,(anonymous_2)
FN:28,(anonymous_3)
FN:44,(anonymous_4)
FN:61,(anonymous_5)
FNF:5
FNH:3
FNDA:0,(anonymous_1)
FNDA:1,(anonymous_2)
FNDA:0,(anonymous_3)
FNDA:2,(anonymous_4)
FNDA:2,(anonymous_5)
DA:1,1
DA:2,1
DA:4,1
DA:6,0
DA:10,1
DA:11,1
DA:12,0
DA:16,0
DA:19,1
DA:20,1
DA:21,1
DA:22,1
DA:29,0
DA:30,0
DA:31,0
DA:35,0
DA:38,0
DA:45,2
DA:46,2
DA:47,1
DA:51,1
DA:54,1
DA:55,1
DA:62,2
DA:63,2
DA:64,1
DA:68,1
DA:71,1
DA:72,1
LF:29
LH:21
BRDA:11,1,0,0
BRDA:11,1,1,1
BRDA:30,2,0,0
BRDA:30,2,1,0
BRDA:46,3,0,1
BRDA:46,3,1,1
BRDA:63,4,0,1
BRDA:63,4,1,1
BRF:8
BRH:5
end_of_record
TN:
SF:/home/medcode/questionerV2/app/dataStore/questionsTable.js
FNF:0
FNH:0
DA:1,1
DA:2,1
LF:2
LH:2
BRF:0
BRH:0
end_of_record
TN:
SF:/home/medcode/questionerV2/app/controllers/api/v1/usersController.js
FNF:0
FNH:0
LF:0
LH:0
BRF:0
BRH:0
end_of_record
TN:
SF:/home/medcode/questionerV2/app/controllers/api/v1/meetupsController.js
FN:8,(anonymous_1)
FN:15,(anonymous_2)
FN:16,(anonymous_3)
FN:26,(anonymous_4)
FN:46,(anonymous_5)
FN:62,(anonymous_6)
FN:71,(anonymous_7)
FN:81,(anonymous_8)
FNF:8
FNH:8
FNDA:1,(anonymous_1)
FNDA:1,(anonymous_2)
FNDA:3,(anonymous_3)
FNDA:1,(anonymous_4)
FNDA:2,(anonymous_5)
FNDA:1,(anonymous_6)
FNDA:8,(anonymous_7)
FNDA:1,(anonymous_8)
DA:2,1
DA:3,1
DA:4,1
DA:7,1
DA:9,1
DA:16,1
DA:17,3
DA:20,1
DA:27,1
DA:28,1
DA:29,0
DA:33,0
DA:36,1
DA:37,1
DA:38,1
DA:39,1
DA:47,2
DA:48,2
DA:49,1
DA:53,1
DA:56,1
DA:63,1
DA:64,0
DA:68,0
DA:71,1
DA:72,8
DA:74,1
DA:82,1
DA:83,1
DA:84,0
DA:88,0
DA:91,1
DA:92,1
DA:93,1
DA:94,1
DA:95,1
LF:36
LH:30
BRDA:28,1,0,0
BRDA:28,1,1,1
BRDA:48,2,0,1
BRDA:48,2,1,1
BRDA:63,3,0,0
BRDA:63,3,1,1
BRDA:83,4,0,0
BRDA:83,4,1,1
BRF:8
BRH:5
end_of_record
TN:
SF:/home/medcode/questionerV2/app/dataStore/meetupsTable.js
FNF:0
FNH:0
DA:1,1
DA:2,1
LF:2
LH:2
BRF:0
BRH:0
end_of_record
TN:
SF:/home/medcode/questionerV2/app/dataStore/rsvpsTable(meetups-tables).js
FNF:0
FNH:0
DA:1,1
DA:3,1
LF:2
LH:2
BRF:0
BRH:0
end_of_record
TN:
SF:/home/medcode/questionerV2/app/helpers/validator.js
FNF:0
FNH:0
DA:1,1
DA:3,1
LF:2
LH:2
BRF:0
BRH:0
end_of_record
